<?xml version="1.0" encoding="UTF-8"?>
<!-- Generated by org.testng.reporters.JUnitReportReporter -->
<testsuite hostname="INHYDLKANTHU1" name="mingle.IFS.Ts_UserImportAndExport_13291" tests="1" failures="0" timestamp="21 Nov 2016 05:22:17 GMT" time="90.507" errors="0">
  <testcase name="test" time="90.507" classname="mingle.IFS.Ts_UserImportAndExport_13291"/>
</testsuite> <!-- mingle.IFS.Ts_UserImportAndExport_13291 -->
