<?xml version="1.0" encoding="UTF-8"?>
<!-- Generated by org.testng.reporters.JUnitReportReporter -->
<testsuite hostname="INHYDLKANTHU1" name="mingle.IFS.Ts_UpdateSecurityRole_13286" tests="1" failures="0" timestamp="18 Nov 2016 09:46:35 GMT" time="37.516" errors="0">
  <testcase name="test" time="37.516" classname="mingle.IFS.Ts_UpdateSecurityRole_13286"/>
</testsuite> <!-- mingle.IFS.Ts_UpdateSecurityRole_13286 -->
