<?xml version="1.0" encoding="UTF-8"?>
<!-- Generated by org.testng.reporters.JUnitReportReporter -->
<testsuite hostname="INHYDLKANTHU1" name="mingle.IFS.Ts_VerifyEntriesFromActivityTabUnderUserScreen_13290" tests="1" failures="0" timestamp="18 Nov 2016 10:46:15 GMT" time="34.219" errors="0">
  <testcase name="test" time="34.219" classname="mingle.IFS.Ts_VerifyEntriesFromActivityTabUnderUserScreen_13290"/>
</testsuite> <!-- mingle.IFS.Ts_VerifyEntriesFromActivityTabUnderUserScreen_13290 -->
