<?xml version="1.0" encoding="UTF-8"?>
<!-- Generated by org.testng.reporters.JUnitReportReporter -->
<testsuite skipped="0" hostname="INHYNSNAGINENI1" name="mingle.Admin.Ts_CreateInforNonProvisonedApp_13279" tests="2" failures="0" timestamp="29 Nov 2016 09:22:19 GMT" time="103.226" errors="0">
  <testcase name="create_App" time="67.123" classname="mingle.Admin.Ts_CreateInforNonProvisonedApp_13279"/>
  <testcase name="rb_DeleteApp" time="36.103" classname="mingle.Admin.Ts_CreateInforNonProvisonedApp_13279"/>
</testsuite> <!-- mingle.Admin.Ts_CreateInforNonProvisonedApp_13279 -->
