<?xml version="1.0" encoding="UTF-8"?>
<!-- Generated by org.testng.reporters.JUnitReportReporter -->
<testsuite skipped="0" hostname="INHYNSNAGINENI1" name="scripts.Directory.Sample" tests="1" failures="0" timestamp="20 Dec 2016 12:04:46 GMT" time="76.763" errors="0">
  <testcase name="getTitle" time="76.763" classname="scripts.Directory.Sample"/>
</testsuite> <!-- scripts.Directory.Sample -->
