<?xml version="1.0" encoding="UTF-8"?>
<!-- Generated by org.testng.reporters.JUnitReportReporter -->
<testsuite skipped="0" hostname="SCRMSHIN-VDI-11" name="scripts.america_Srch.Ts1_Serach" tests="1" failures="0" timestamp="18 May 2017 06:44:26 GMT" time="156.744" errors="0">
  <testcase name="create_App" time="156.744" classname="scripts.america_Srch.Ts1_Serach"/>
</testsuite> <!-- scripts.america_Srch.Ts1_Serach -->
