<?xml version="1.0" encoding="UTF-8"?>
<!-- Generated by org.testng.reporters.JUnitReportReporter -->
<testsuite skipped="0" hostname="RKANDULA-L-1071" name="seleniumlearning.TestCase2" tests="2" failures="0" timestamp="11 Oct 2018 10:50:17 GMT" time="4.023" errors="0">
  <testcase name="testcase2" time="1.319" classname="seleniumlearning.TestCase2"/>
  <testcase name="testcase" time="2.704" classname="seleniumlearning.TestCase2"/>
</testsuite> <!-- seleniumlearning.TestCase2 -->
