<?xml version="1.0" encoding="UTF-8"?>
<!-- Generated by org.testng.reporters.JUnitReportReporter -->
<testsuite skipped="0" hostname="RKANDULA-L-1071" name="seleniumlearning.TestCase1" tests="2" failures="0" timestamp="11 Oct 2018 10:50:17 GMT" time="7.165" errors="0">
  <testcase name="testcase" time="4.827" classname="seleniumlearning.TestCase1"/>
  <testcase name="testcase2" time="2.338" classname="seleniumlearning.TestCase1"/>
</testsuite> <!-- seleniumlearning.TestCase1 -->
