<?xml version="1.0" encoding="UTF-8"?>
<!-- Generated by org.testng.reporters.JUnitReportReporter -->
<testsuite hostname="INHYNRKANDULA2" name="aws_social.social.TS9_Location_LikeDeletePost_13505_13507" tests="1" failures="0" timestamp="15 Mar 2017 05:31:54 GMT" time="94.205" errors="0">
  <testcase name="locationandLike" time="94.205" classname="aws_social.social.TS9_Location_LikeDeletePost_13505_13507"/>
</testsuite> <!-- aws_social.social.TS9_Location_LikeDeletePost_13505_13507 -->
