<?xml version="1.0" encoding="UTF-8"?>
<!-- Generated by org.testng.reporters.JUnitReportReporter -->
<testsuite hostname="INHYNRKANDULA2" name="aws_social.social.TS3_PostToConnectedUsers_13498" tests="3" failures="0" timestamp="14 Mar 2017 07:44:38 GMT" time="618.192" errors="0">
  <testcase name="FriendRequest" time="68.877" classname="aws_social.social.TS3_PostToConnectedUsers_13498"/>
  <testcase name="ColleagueRequest_Notification" time="343.794" classname="aws_social.social.TS3_PostToConnectedUsers_13498"/>
  <testcase name="posttoconnectedUsers" time="205.521" classname="aws_social.social.TS3_PostToConnectedUsers_13498"/>
</testsuite> <!-- aws_social.social.TS3_PostToConnectedUsers_13498 -->
