<?xml version="1.0" encoding="UTF-8"?>
<!-- Generated by org.testng.reporters.JUnitReportReporter -->
<testsuite hostname="INHYNRKANDULA2" name="aws_social.social.A_postwithattachments" tests="1" failures="0" timestamp="1 Mar 2017 08:49:31 GMT" time="89.477" errors="0">
  <testcase name="testcase1" time="89.477" classname="aws_social.social.A_postwithattachments"/>
</testsuite> <!-- aws_social.social.A_postwithattachments -->
