<?xml version="1.0" encoding="UTF-8"?>
<!-- Generated by org.testng.reporters.JUnitReportReporter -->
<testsuite hostname="INHYNRKANDULA2" name="aws_social.social.B_NewPost" tests="1" failures="0" timestamp="1 Mar 2017 09:39:54 GMT" time="112.530" errors="0">
  <testcase name="test" time="112.530" classname="aws_social.social.B_NewPost"/>
</testsuite> <!-- aws_social.social.B_NewPost -->
