<?xml version="1.0" encoding="UTF-8"?>
<!-- Generated by org.testng.reporters.JUnitReportReporter -->
<testsuite hostname="INHYNRKANDULA2" name="aws_social.social.Social2" tests="1" failures="0" timestamp="2 Mar 2017 12:31:49 GMT" time="122.223" errors="0">
  <testcase name="CreateNewPost" time="122.223" classname="aws_social.social.Social2"/>
</testsuite> <!-- aws_social.social.Social2 -->
