<?xml version="1.0" encoding="UTF-8"?>
<!-- Generated by org.testng.reporters.JUnitReportReporter -->
<testsuite hostname="RKANDULA-L-1071" name="aws_social.social.TS1_CreateNewPost" tests="1" failures="0" timestamp="10 Apr 2017 09:49:36 GMT" time="135.393" errors="0">
  <testcase name="CreateNewPost" time="135.393" classname="aws_social.social.TS1_CreateNewPost"/>
</testsuite> <!-- aws_social.social.TS1_CreateNewPost -->
