<?xml version="1.0" encoding="UTF-8"?>
<!-- Generated by org.testng.reporters.JUnitReportReporter -->
<testsuite hostname="INHYNRKANDULA2" name="aws_social.social.TS3_PostToConnectedUsers_13499" tests="3" failures="0" timestamp="14 Mar 2017 10:03:55 GMT" time="416.389" errors="0">
  <testcase name="posttoconnectedUsers" time="220.824" classname="aws_social.social.TS3_PostToConnectedUsers_13499"/>
  <testcase name="ColleagueRequest_Notification" time="64.952" classname="aws_social.social.TS3_PostToConnectedUsers_13499"/>
  <testcase name="FriendRequest" time="130.613" classname="aws_social.social.TS3_PostToConnectedUsers_13499"/>
</testsuite> <!-- aws_social.social.TS3_PostToConnectedUsers_13499 -->
