<?xml version="1.0" encoding="UTF-8"?>
<!-- Generated by org.testng.reporters.JUnitReportReporter -->
<testsuite hostname="INHYNRKANDULA2" name="aws_social.social.TS2_NewPostandAttachments" tests="2" failures="0" timestamp="20 Feb 2017 11:30:25 GMT" time="222.742" errors="0">
  <testcase name="NewPost" time="204.306" classname="aws_social.social.TS2_NewPostandAttachments"/>
  <testcase name="postwithAttachments" time="18.436" classname="aws_social.social.TS2_NewPostandAttachments"/>
</testsuite> <!-- aws_social.social.TS2_NewPostandAttachments -->
