<?xml version="1.0" encoding="UTF-8"?>
<!-- Generated by org.testng.reporters.JUnitReportReporter -->
<testsuite hostname="INHYNRKANDULA2" name="aws_social.social.TS1_QRCodeEntryandLogin" tests="1" failures="0" timestamp="20 Feb 2017 09:42:33 GMT" time="91.500" errors="0">
  <testcase name="QRCodeEntry" time="91.500" classname="aws_social.social.TS1_QRCodeEntryandLogin"/>
</testsuite> <!-- aws_social.social.TS1_QRCodeEntryandLogin -->
