<?xml version="1.0" encoding="UTF-8"?>
<!-- Generated by org.testng.reporters.JUnitReportReporter -->
<testsuite skipped="0" hostname="RKANDULA-L-1071" name="mypackage1.DataProvider1" tests="3" failures="0" timestamp="10 Sep 2018 03:22:26 GMT" time="0.020" errors="0">
  <testcase name="dataproviderexmaple" time="0.000" classname="mypackage1.DataProvider1"/>
  <testcase name="dataproviderexmaple" time="0.010" classname="mypackage1.DataProvider1"/>
  <testcase name="dataproviderexmaple" time="0.010" classname="mypackage1.DataProvider1"/>
</testsuite> <!-- mypackage1.DataProvider1 -->
