<?xml version="1.0" encoding="UTF-8"?>
<!-- Generated by org.testng.reporters.JUnitReportReporter -->
<testsuite skipped="0" hostname="RKANDULA-L-1071" name="mypackage1.Testng_Selenium3" tests="3" failures="0" timestamp="10 Sep 2018 03:06:08 GMT" time="0.000" errors="0">
  <testcase name="windows1" time="0.000" classname="mypackage1.Testng_Selenium3"/>
  <testcase name="widnows2" time="0.000" classname="mypackage1.Testng_Selenium3"/>
  <testcase name="windows3" time="0.000" classname="mypackage1.Testng_Selenium3"/>
</testsuite> <!-- mypackage1.Testng_Selenium3 -->
