<?xml version="1.0" encoding="UTF-8"?>
<!-- Generated by org.testng.reporters.JUnitReportReporter -->
<testsuite skipped="0" hostname="RKANDULA-L-1071" name="mypackage1.Testng_Selenium7" tests="4" failures="0" timestamp="08 Oct 2018 08:17:47 GMT" time="0.020" errors="0">
  <testcase name="tm1" time="0.010" classname="mypackage1.Testng_Selenium7"/>
  <testcase name="tm2" time="0.000" classname="mypackage1.Testng_Selenium7"/>
  <testcase name="tm4" time="0.000" classname="mypackage1.Testng_Selenium7"/>
  <testcase name="tm3" time="0.010" classname="mypackage1.Testng_Selenium7"/>
</testsuite> <!-- mypackage1.Testng_Selenium7 -->
