<?xml version="1.0" encoding="UTF-8"?>
<!-- Generated by org.testng.reporters.JUnitReportReporter -->
<testsuite skipped="0" hostname="RKANDULA-L-1071" name="mypackage1.Testng_Selenium5" tests="8" failures="0" timestamp="10 Sep 2018 03:06:08 GMT" time="0.010" errors="0">
  <testcase name="human1" time="0.000" classname="mypackage1.Testng_Selenium5"/>
  <testcase name="human1" time="0.000" classname="mypackage1.Testng_Selenium5"/>
  <testcase name="human2" time="0.010" classname="mypackage1.Testng_Selenium5"/>
  <testcase name="human4" time="0.000" classname="mypackage1.Testng_Selenium5"/>
  <testcase name="human3" time="0.000" classname="mypackage1.Testng_Selenium5"/>
  <testcase name="human2" time="0.000" classname="mypackage1.Testng_Selenium5"/>
  <testcase name="human3" time="0.000" classname="mypackage1.Testng_Selenium5"/>
  <testcase name="human4" time="0.000" classname="mypackage1.Testng_Selenium5"/>
</testsuite> <!-- mypackage1.Testng_Selenium5 -->
