<?xml version="1.0" encoding="UTF-8"?>
<!-- Generated by org.testng.reporters.JUnitReportReporter -->
<testsuite skipped="1" hostname="RKANDULA-L-1071" name="mypackage1.Testng_Selenium4" tests="6" failures="0" timestamp="10 Sep 2018 03:06:08 GMT" time="0.010" errors="0">
  <testcase name="cars2" time="0.000" classname="mypackage1.Testng_Selenium4"/>
  <testcase name="cars3" time="0.000" classname="mypackage1.Testng_Selenium4"/>
  <testcase name="cars6" time="0.010" classname="mypackage1.Testng_Selenium4"/>
  <testcase name="cars4" time="0.000" classname="mypackage1.Testng_Selenium4"/>
  <testcase name="cars1" time="0.000" classname="mypackage1.Testng_Selenium4"/>
  <testcase name="cars5" classname="mypackage1.Testng_Selenium4">
    <skipped/>
  </testcase> <!-- cars5 -->
</testsuite> <!-- mypackage1.Testng_Selenium4 -->
