<?xml version="1.0" encoding="UTF-8"?>
<!-- Generated by org.testng.reporters.JUnitReportReporter -->
<testsuite skipped="0" hostname="RKANDULA-L-1071" name="mypackage1.Testng_Selenium1" tests="7" failures="0" timestamp="10 Sep 2018 03:46:08 GMT" time="0.020" errors="0">
  <testcase name="Android5" time="0.000" classname="mypackage1.Testng_Selenium1"/>
  <testcase name="Android6" time="0.010" classname="mypackage1.Testng_Selenium1"/>
  <testcase name="Android4" time="0.000" classname="mypackage1.Testng_Selenium1"/>
  <testcase name="Android_1ravi" time="0.000" classname="mypackage1.Testng_Selenium1"/>
  <testcase name="Android_2ravi" time="0.000" classname="mypackage1.Testng_Selenium1"/>
  <testcase name="myown" time="0.000" classname="mypackage1.Testng_Selenium1"/>
  <testcase name="Android3" time="0.010" classname="mypackage1.Testng_Selenium1"/>
</testsuite> <!-- mypackage1.Testng_Selenium1 -->
