<?xml version="1.0" encoding="UTF-8"?>
<!-- Generated by org.testng.reporters.JUnitReportReporter -->
<testsuite skipped="0" hostname="INHYNLKANTHU1" name="scripts.IONAPI.Ts_CreateIOSMobileApp_13385" tests="1" failures="0" timestamp="3 Jan 2017 10:46:32 GMT" time="137.321" errors="0">
  <testcase name="create_IOSApp" time="137.321" classname="scripts.IONAPI.Ts_CreateIOSMobileApp_13385"/>
</testsuite> <!-- scripts.IONAPI.Ts_CreateIOSMobileApp_13385 -->
