<?xml version="1.0" encoding="UTF-8"?>
<!-- Generated by org.testng.reporters.JUnitReportReporter -->
<testsuite hostname="INHYDLKANTHU1" name="mingle.Admin.Ts_CreateInforProvisionedApp_13282" tests="2" failures="0" timestamp="28 Nov 2016 11:13:00 GMT" time="118.287" errors="0">
  <testcase name="rb_DeleteApp" time="26.591" classname="mingle.Admin.Ts_CreateInforProvisionedApp_13282"/>
  <testcase name="create_App" time="91.696" classname="mingle.Admin.Ts_CreateInforProvisionedApp_13282"/>
</testsuite> <!-- mingle.Admin.Ts_CreateInforProvisionedApp_13282 -->
