<?xml version="1.0" encoding="UTF-8"?>
<!-- Generated by org.testng.reporters.JUnitReportReporter -->
<testsuite skipped="0" hostname="INHYNLKANTHU1" name="scripts.IONAPI.Ts_CreateAndroidMobileApp_13383" tests="1" failures="0" timestamp="5 Jan 2017 11:19:53 GMT" time="120.320" errors="0">
  <testcase name="create_AndroidApp" time="120.320" classname="scripts.IONAPI.Ts_CreateAndroidMobileApp_13383"/>
</testsuite> <!-- scripts.IONAPI.Ts_CreateAndroidMobileApp_13383 -->
