<?xml version="1.0" encoding="UTF-8"?>
<!-- Generated by org.testng.reporters.JUnitReportReporter -->
<testsuite skipped="0" hostname="INHYNLKANTHU1" name="scripts.IONAPI.Ts_VerifyProvisionedAPISuite_13391" tests="1" failures="0" timestamp="3 Jan 2017 10:46:32 GMT" time="86.003" errors="0">
  <testcase name="getTitle" time="86.003" classname="scripts.IONAPI.Ts_VerifyProvisionedAPISuite_13391"/>
</testsuite> <!-- scripts.IONAPI.Ts_VerifyProvisionedAPISuite_13391 -->
