<?xml version="1.0" encoding="UTF-8"?>
<!-- Generated by org.testng.reporters.JUnitReportReporter -->
<testsuite skipped="0" hostname="RKANDULA-L-1071" name="scripts.Evoke.TS1_Evoke_ContactUS" tests="2" failures="0" timestamp="05 Oct 2018 07:56:40 GMT" time="24.711" errors="0">
  <testcase name="testscript1" time="18.441" classname="scripts.Evoke.TS1_Evoke_ContactUS"/>
  <testcase name="testscript2" time="6.270" classname="scripts.Evoke.TS1_Evoke_ContactUS"/>
</testsuite> <!-- scripts.Evoke.TS1_Evoke_ContactUS -->
