<?xml version="1.0" encoding="UTF-8"?>
<!-- Generated by org.testng.reporters.JUnitReportReporter -->
<testsuite hostname="INHYNSNAGINENI1" name="mingle.ActivityFeed.Test3" tests="3" failures="0" timestamp="10 Nov 2016 16:32:30 GMT" time="0.003" errors="0">
  <testcase name="test1" time="0.001" classname="mingle.ActivityFeed.Test3"/>
  <testcase name="test3" time="0.001" classname="mingle.ActivityFeed.Test3"/>
  <testcase name="test2" time="0.001" classname="mingle.ActivityFeed.Test3"/>
</testsuite> <!-- mingle.ActivityFeed.Test3 -->
