<?xml version="1.0" encoding="UTF-8"?>
<!-- Generated by org.testng.reporters.JUnitReportReporter -->
<testsuite skipped="0" hostname="RKANDULA-L-1071" name="scripts.NetNames.TS1_Evoke_ContactUS" tests="1" failures="0" timestamp="15 May 2018 15:46:05 GMT" time="159.869" errors="0">
  <testcase name="test" time="159.869" classname="scripts.NetNames.TS1_Evoke_ContactUS"/>
</testsuite> <!-- scripts.NetNames.TS1_Evoke_ContactUS -->
