<?xml version="1.0" encoding="UTF-8"?>
<!-- Generated by org.testng.reporters.JUnitReportReporter -->
<testsuite skipped="1" hostname="INHYNLKANTHU1" name="scripts.Admin.TS_NonProvisionedApp_12745_12759" tests="1" failures="0" timestamp="16 May 2017 06:55:03 GMT" time="0.001" errors="0">
  <testcase name="create_App" time="0.001" classname="scripts.Admin.TS_NonProvisionedApp_12745_12759">
    <skipped/>
  </testcase> <!-- create_App -->
</testsuite> <!-- scripts.Admin.TS_NonProvisionedApp_12745_12759 -->
