<?xml version="1.0" encoding="UTF-8"?>
<!-- Generated by org.testng.reporters.JUnitReportReporter -->
<testsuite hostname="INHYDLKANTHU1" name="mingle.ActivityFeed.PostMessageToConnectedUser" tests="5" failures="0" timestamp="25 Nov 2016 12:30:55 GMT" time="201.169" errors="0">
  <testcase name="acceptConnectionRequest" time="37.135" classname="mingle.ActivityFeed.PostMessageToConnectedUser"/>
  <testcase name="verifyMessgae" time="37.638" classname="mingle.ActivityFeed.PostMessageToConnectedUser"/>
  <testcase name="postMessgae" time="44.798" classname="mingle.ActivityFeed.PostMessageToConnectedUser"/>
  <testcase name="deleteMsgAndDisconnectUser" time="40.891" classname="mingle.ActivityFeed.PostMessageToConnectedUser"/>
  <testcase name="sendConnectionRequest" time="40.707" classname="mingle.ActivityFeed.PostMessageToConnectedUser"/>
</testsuite> <!-- mingle.ActivityFeed.PostMessageToConnectedUser -->
