<?xml version="1.0" encoding="UTF-8"?>
<!-- Generated by org.testng.reporters.JUnitReportReporter -->
<testsuite skipped="0" hostname="RKANDULA-L-1071" name="scripts.Evoke.TS2_Evoke_Insights" tests="1" failures="0" timestamp="02 Jul 2018 13:15:57 GMT" time="23.899" errors="0">
  <testcase name="test" time="23.899" classname="scripts.Evoke.TS2_Evoke_Insights"/>
</testsuite> <!-- scripts.Evoke.TS2_Evoke_Insights -->
