<?xml version="1.0" encoding="UTF-8"?>
<!-- Generated by org.testng.reporters.JUnitReportReporter -->
<testsuite skipped="0" hostname="RKANDULA-L-1071" name="scripts.Evoke.TS3_Evoke_CaseStudies" tests="1" failures="0" timestamp="11 Jun 2018 14:22:32 GMT" time="62.442" errors="0">
  <testcase name="test" time="62.442" classname="scripts.Evoke.TS3_Evoke_CaseStudies"/>
</testsuite> <!-- scripts.Evoke.TS3_Evoke_CaseStudies -->
