<?xml version="1.0" encoding="UTF-8"?>
<!-- Generated by org.testng.reporters.JUnitReportReporter -->
<testsuite skipped="3" hostname="INHYNLKANTHU1" name="scripts.IFS.TS_ActionMenu_12686" tests="3" failures="0" timestamp="18 May 2017 05:41:46 GMT" time="0.000" errors="0">
  <testcase name="test2" time="0.000" classname="scripts.IFS.TS_ActionMenu_12686">
    <skipped/>
  </testcase> <!-- test2 -->
  <testcase name="test1" time="0.000" classname="scripts.IFS.TS_ActionMenu_12686">
    <skipped/>
  </testcase> <!-- test1 -->
  <testcase name="test" time="0.000" classname="scripts.IFS.TS_ActionMenu_12686">
    <skipped/>
  </testcase> <!-- test -->
</testsuite> <!-- scripts.IFS.TS_ActionMenu_12686 -->
