<?xml version="1.0" encoding="UTF-8"?>
<!-- Generated by org.testng.reporters.JUnitReportReporter -->
<testsuite skipped="0" hostname="INHYNLKANTHU1" name="scripts.IFS.Ts_CreateDGAndAssignUsers_13294" tests="1" failures="0" timestamp="2 Jan 2017 07:10:09 GMT" time="120.979" errors="0">
  <testcase name="dgImport_Export" time="120.979" classname="scripts.IFS.Ts_CreateDGAndAssignUsers_13294"/>
</testsuite> <!-- scripts.IFS.Ts_CreateDGAndAssignUsers_13294 -->
