<?xml version="1.0" encoding="UTF-8"?>
<!-- Generated by org.testng.reporters.JUnitReportReporter -->
<testsuite skipped="0" hostname="INHYNSNAGINENI1" name="scripts.ActivityFeed.Ts_DeletePostPromptONOFF_13277" tests="1" failures="0" timestamp="20 Dec 2016 13:26:08 GMT" time="103.659" errors="0">
  <testcase name="getTitle" time="103.659" classname="scripts.ActivityFeed.Ts_DeletePostPromptONOFF_13277"/>
</testsuite> <!-- scripts.ActivityFeed.Ts_DeletePostPromptONOFF_13277 -->
