<?xml version="1.0" encoding="UTF-8"?>
<!-- Generated by org.testng.reporters.JUnitReportReporter -->
<testsuite skipped="1" hostname="INHYNLKANTHU1" name="scripts.Admin.TS_NonInforAppEditDelete_12753_14103" tests="1" failures="0" timestamp="12 May 2017 09:24:08 GMT" time="0.000" errors="0">
  <testcase name="create_App" time="0.000" classname="scripts.Admin.TS_NonInforAppEditDelete_12753_14103">
    <skipped/>
  </testcase> <!-- create_App -->
</testsuite> <!-- scripts.Admin.TS_NonInforAppEditDelete_12753_14103 -->
