<?xml version="1.0" encoding="UTF-8"?>
<!-- Generated by org.testng.reporters.JUnitReportReporter -->
<testsuite skipped="0" hostname="RKANDULA-L-1071" name="scripts.Evoke.TS1_Evoke_ContactUS" tests="2" failures="0" timestamp="02 Jul 2018 13:29:21 GMT" time="30.433" errors="0">
  <testcase name="testscript1" time="25.436" classname="scripts.Evoke.TS1_Evoke_ContactUS"/>
  <testcase name="testscript2" time="4.997" classname="scripts.Evoke.TS1_Evoke_ContactUS"/>
</testsuite> <!-- scripts.Evoke.TS1_Evoke_ContactUS -->
