<?xml version="1.0" encoding="UTF-8"?>
<!-- Generated by org.testng.reporters.JUnitReportReporter -->
<testsuite skipped="1" hostname="INHYNLKANTHU1" name="scripts.IFS.TS_ServiceAccount_12693" tests="1" failures="0" timestamp="29 May 2017 11:42:53 GMT" time="0.000" errors="0">
  <testcase name="create_ServiceAccount" time="0.000" classname="scripts.IFS.TS_ServiceAccount_12693">
    <skipped/>
  </testcase> <!-- create_ServiceAccount -->
</testsuite> <!-- scripts.IFS.TS_ServiceAccount_12693 -->
