<?xml version="1.0" encoding="UTF-8"?>
<!-- Generated by org.testng.reporters.JUnitReportReporter -->
<testsuite skipped="0" hostname="INHYNLKANTHU1" name="scripts.IONAPI.Ts_CreateNonInforSuite_13393" tests="1" failures="0" timestamp="10 Jan 2017 05:18:55 GMT" time="103.875" errors="0">
  <testcase name="test" time="103.875" classname="scripts.IONAPI.Ts_CreateNonInforSuite_13393"/>
</testsuite> <!-- scripts.IONAPI.Ts_CreateNonInforSuite_13393 -->
