<?xml version="1.0" encoding="UTF-8"?>
<!-- Generated by org.testng.reporters.JUnitReportReporter -->
<testsuite skipped="0" hostname="RKANDULA-L-1071" name="scripts.NetNames.TS1_VerifyDashboardItems" tests="1" failures="0" timestamp="14 May 2018 13:56:03 GMT" time="161.002" errors="0">
  <testcase name="test" time="161.002" classname="scripts.NetNames.TS1_VerifyDashboardItems"/>
</testsuite> <!-- scripts.NetNames.TS1_VerifyDashboardItems -->
