<?xml version="1.0" encoding="UTF-8"?>
<!-- Generated by org.testng.reporters.JUnitReportReporter -->
<testsuite skipped="0" hostname="INHYNLKANTHU1" name="scripts.IFS.Ts_AddContactsToContactGroup_13304" tests="1" failures="0" timestamp="3 Jan 2017 10:16:14 GMT" time="126.574" errors="0">
  <testcase name="AddContactsToContactGroup" time="126.574" classname="scripts.IFS.Ts_AddContactsToContactGroup_13304"/>
</testsuite> <!-- scripts.IFS.Ts_AddContactsToContactGroup_13304 -->
