<?xml version="1.0" encoding="UTF-8"?>
<!-- Generated by org.testng.reporters.JUnitReportReporter -->
<testsuite skipped="0" hostname="INHYNLKANTHU1" name="scripts.IONAPI.Ts_CreateBackendDownloadServices_13387" tests="2" failures="0" timestamp="3 Jan 2017 10:46:32 GMT" time="185.219" errors="0">
  <testcase name="create_BEServiceApp" time="99.293" classname="scripts.IONAPI.Ts_CreateBackendDownloadServices_13387"/>
  <testcase name="acceptConnectionRequest" time="85.926" classname="scripts.IONAPI.Ts_CreateBackendDownloadServices_13387"/>
</testsuite> <!-- scripts.IONAPI.Ts_CreateBackendDownloadServices_13387 -->
