<?xml version="1.0" encoding="UTF-8"?>
<!-- Generated by org.testng.reporters.JUnitReportReporter -->
<testsuite name="scripts.IFS.Ts_ERPPersonID_13295" tests="1" time="90.157" ignored="0" failures="0" timestamp="19 Dec 2016 12:50:49 GMT" skipped="0" hostname="INHYDRANUMUKON1" errors="0">
  <testcase name="dgImport_Export" time="90.157" classname="scripts.IFS.Ts_ERPPersonID_13295"/>
</testsuite> <!-- scripts.IFS.Ts_ERPPersonID_13295 -->
