<?xml version="1.0" encoding="UTF-8"?>
<!-- Generated by org.testng.reporters.JUnitReportReporter -->
<testsuite hostname="INHYDLKANTHU1" name="mingle.Streams.CreateStreamAndDelete" tests="1" failures="0" timestamp="25 Nov 2016 12:30:55 GMT" time="74.494" errors="0">
  <testcase name="test" time="74.494" classname="mingle.Streams.CreateStreamAndDelete"/>
</testsuite> <!-- mingle.Streams.CreateStreamAndDelete -->
