<?xml version="1.0" encoding="UTF-8"?>
<!-- Generated by org.testng.reporters.JUnitReportReporter -->
<testsuite skipped="0" hostname="INHYNLKANTHU1" name="scripts.IFS.Ts_VerifyEntriesFromActivityTabUnderUserScreen_13290" tests="1" failures="0" timestamp="3 Jan 2017 07:10:15 GMT" time="56.548" errors="0">
  <testcase name="test" time="56.548" classname="scripts.IFS.Ts_VerifyEntriesFromActivityTabUnderUserScreen_13290"/>
</testsuite> <!-- scripts.IFS.Ts_VerifyEntriesFromActivityTabUnderUserScreen_13290 -->
