<?xml version="1.0" encoding="UTF-8"?>
<!-- Generated by org.testng.reporters.JUnitReportReporter -->
<testsuite skipped="1" hostname="INHYNLKANTHU1" name="scripts.IONAPI.TS_ProvisionedSuiteSwagger_13960" tests="1" failures="0" timestamp="30 May 2017 11:36:31 GMT" time="0.000" errors="0">
  <testcase name="test" time="0.000" classname="scripts.IONAPI.TS_ProvisionedSuiteSwagger_13960">
    <skipped/>
  </testcase> <!-- test -->
</testsuite> <!-- scripts.IONAPI.TS_ProvisionedSuiteSwagger_13960 -->
