<?xml version="1.0" encoding="UTF-8"?>
<!-- Generated by org.testng.reporters.JUnitReportReporter -->
<testsuite skipped="0" hostname="RKANDULA-L-1071" name="scripts.NetNames.TS2_Evoke_Insights" tests="1" failures="0" timestamp="15 May 2018 15:46:05 GMT" time="17.578" errors="0">
  <testcase name="test" time="17.578" classname="scripts.NetNames.TS2_Evoke_Insights"/>
</testsuite> <!-- scripts.NetNames.TS2_Evoke_Insights -->
