<?xml version="1.0" encoding="UTF-8"?>
<!-- Generated by org.testng.reporters.JUnitReportReporter -->
<testsuite skipped="1" hostname="INHYNLKANTHU1" name="scripts.IFS.TS_Contact_12697" tests="1" failures="0" timestamp="29 May 2017 07:31:43 GMT" time="0.000" errors="0">
  <testcase name="test" time="0.000" classname="scripts.IFS.TS_Contact_12697">
    <skipped/>
  </testcase> <!-- test -->
</testsuite> <!-- scripts.IFS.TS_Contact_12697 -->
